info it worked if it ends with ok
verbose cli [ 'node', '/usr/local/bin/npm', 'install', 'brunch-extensions' ]
info using npm@1.0.106
info using node@v0.6.1
verbose /usr/local/bin/node node symlink
verbose config file /Users/rloffelm/.npmrc
verbose config file /usr/local/etc/npmrc
verbose config file /usr/local/lib/node_modules/npm/npmrc
silly testEngine { author: { name: 'Your Name' },
silly testEngine   name: 'package-name',
silly testEngine   description: 'Package description',
silly testEngine   version: '0.0.1',
silly testEngine   homepage: '',
silly testEngine   repository: { type: 'git', url: '' },
silly testEngine   engines: { node: '~0.6.6' },
silly testEngine   scripts: { start: 'brunch watch --server' },
silly testEngine   dependencies: { 'brunch-extensions': '0.1.0' },
silly testEngine   devDependencies: {},
silly testEngine   _id: 'package-name@0.0.1',
silly testEngine   _engineSupported: false,
silly testEngine   _npmVersion: '1.0.106',
silly testEngine   _nodeVersion: 'v0.6.1',
silly testEngine   _defaultsLoaded: true }
verbose caching /Users/rloffelm/Personal/databases/Servers/NodeNginxMongo/Files/home/ubuntu/www/todo/package.json
verbose loadDefaults package-name@0.0.1
verbose from cache /Users/rloffelm/Personal/databases/Servers/NodeNginxMongo/Files/home/ubuntu/www/todo/package.json
verbose into /Users/rloffelm/Personal/databases/Servers/NodeNginxMongo/Files/home/ubuntu/www/todo [ 'brunch-extensions' ]
verbose cache add brunch-extensions@0.1.0
verbose cache add [ 'brunch-extensions@0.1.0', null ]
silly cache add: name, spec, args [ undefined,
silly cache add: name, spec, args   'brunch-extensions@0.1.0',
silly cache add: name, spec, args   [ 'brunch-extensions@0.1.0', null ] ]
verbose parsed url { pathname: 'brunch-extensions@0.1.0',
verbose parsed url   path: 'brunch-extensions@0.1.0',
verbose parsed url   href: 'brunch-extensions@0.1.0' }
silly cache add: name, spec, args [ 'brunch-extensions',
silly cache add: name, spec, args   '0.1.0',
silly cache add: name, spec, args   [ 'brunch-extensions', '0.1.0' ] ]
verbose parsed url { pathname: '0.1.0', path: '0.1.0', href: '0.1.0' }
info addNamed [ 'brunch-extensions', '0.1.0' ]
verbose addNamed [ '0.1.0', '0.1.0' ]
verbose GET brunch-extensions/0.1.0
verbose raw, before any munging brunch-extensions/0.1.0
verbose url resolving [ 'https://registry.npmjs.org/', './brunch-extensions/0.1.0' ]
verbose url resolved https://registry.npmjs.org/brunch-extensions/0.1.0
silly get cb [ 200,
silly get cb   { vary: 'Accept',
silly get cb     server: 'CouchDB/1.1.0 (Erlang OTP/R14B04)',
silly get cb     etag: '"EGJV2NIHNPZ80LMG6DBIV0CN2"',
silly get cb     date: 'Mon, 16 Jan 2012 07:33:40 GMT',
silly get cb     'content-type': 'application/json',
silly get cb     'content-length': '1088' } ]
verbose mkdir (expected) error ENOENT, no such file or directory '/Users/rloffelm/.npm/brunch-extensions'
verbose mkdir (expected) error ENOENT, no such file or directory '/Users/rloffelm/.npm/brunch-extensions/0.1.0'
verbose mkdir done: /Users/rloffelm/.npm/brunch-extensions/0.1.0 755
verbose bin dist [ '0.6-ares1.7.5-DEV-evundefined-openssl0.9.8l-v83.6.6.7-darwin-x64-10.8.0',
verbose bin dist   { shasum: '586af079d5097bb0face543de02bd9305601b88f',
verbose bin dist     tarball: 'http://registry.npmjs.org/brunch-extensions/-/brunch-extensions-0.1.0.tgz' } ]
verbose addRemoteTarball [ 'https://registry.npmjs.org/brunch-extensions/-/brunch-extensions-0.1.0.tgz',
verbose addRemoteTarball   '586af079d5097bb0face543de02bd9305601b88f' ]
verbose mkdir (expected) error ENOENT, no such file or directory '/var/folders/2u/2uTdoPh7H5mH9Wh81HjlBFCbuR2/-Tmp-/npm-1326699225792'
verbose mkdir (expected) error ENOENT, no such file or directory '/var/folders/2u/2uTdoPh7H5mH9Wh81HjlBFCbuR2/-Tmp-/npm-1326699225792/1326699225792-0.888885922729969'
verbose mkdir done: /var/folders/2u/2uTdoPh7H5mH9Wh81HjlBFCbuR2/-Tmp-/npm-1326699225792/1326699225792-0.888885922729969 755
info fetch https://registry.npmjs.org/brunch-extensions/-/brunch-extensions-0.1.0.tgz
verbose fetch to /var/folders/2u/2uTdoPh7H5mH9Wh81HjlBFCbuR2/-Tmp-/npm-1326699225792/1326699225792-0.888885922729969/tmp.tgz
silly updated sha bytes 10240
info shasum 586af079d5097bb0face543de02bd9305601b88f
info shasum /var/folders/2u/2uTdoPh7H5mH9Wh81HjlBFCbuR2/-Tmp-/npm-1326699225792/1326699225792-0.888885922729969/tmp.tgz
verbose mkdir (expected) error ENOENT, no such file or directory '/var/folders/2u/2uTdoPh7H5mH9Wh81HjlBFCbuR2/-Tmp-/npm-1326699225792/1326699225792-0.888885922729969/contents'
verbose mkdir (expected) error ENOENT, no such file or directory '/var/folders/2u/2uTdoPh7H5mH9Wh81HjlBFCbuR2/-Tmp-/npm-1326699225792/1326699225792-0.888885922729969/contents/___package.npm'
verbose mkdir done: /var/folders/2u/2uTdoPh7H5mH9Wh81HjlBFCbuR2/-Tmp-/npm-1326699225792/1326699225792-0.888885922729969/contents/___package.npm 755
verbose unpack_ uid, gid [ undefined, undefined ]
verbose unpackTarget /var/folders/2u/2uTdoPh7H5mH9Wh81HjlBFCbuR2/-Tmp-/npm-1326699225792/1326699225792-0.888885922729969/contents/package
silly gunzTarPerm modes [ '755', '644' ]
silly spawning [ 'tar',
silly spawning   [ '-zmvxpf',
silly spawning     '/var/folders/2u/2uTdoPh7H5mH9Wh81HjlBFCbuR2/-Tmp-/npm-1326699225792/1326699225792-0.888885922729969/tmp.tgz' ],
silly spawning   '/var/folders/2u/2uTdoPh7H5mH9Wh81HjlBFCbuR2/-Tmp-/npm-1326699225792/1326699225792-0.888885922729969/contents/___package.npm' ]
silly tar err x package/package.json
silly tar err x package/README.md
silly tar err x package/src/helpers.coffee
silly tar err x package/src/index.coffee
silly tar err x package/src/languages/base.coffee
silly tar err x package/src/languages/coffeescript.coffee
silly tar err x package/src/languages/css.coffee
silly tar err x package/src/languages/eco.coffee
silly tar err x package/src/languages/index.coffee
silly tar err x package/src/languages/jade.coffee
silly tar err x package/src/languages/javascript.coffee
silly tar err x package/src/languages/less.coffee
silly tar err x package/src/languages/roy.coffee
silly tar err x package/src/languages/stylus.coffee
silly tar err x package/src/plugins/assets.coffee
silly tar err x package/src/plugins/base.coffee
silly tar err x package/src/plugins/index.coffee
silly tar exit 0
silly asyncMap in gTP /var/folders/2u/2uTdoPh7H5mH9Wh81HjlBFCbuR2/-Tmp-/npm-1326699225792/1326699225792-0.888885922729969/contents/___package.npm/package
silly asyncMap in gTP /var/folders/2u/2uTdoPh7H5mH9Wh81HjlBFCbuR2/-Tmp-/npm-1326699225792/1326699225792-0.888885922729969/contents/___package.npm/package/package.json
silly asyncMap in gTP /var/folders/2u/2uTdoPh7H5mH9Wh81HjlBFCbuR2/-Tmp-/npm-1326699225792/1326699225792-0.888885922729969/contents/___package.npm/package/README.md
silly asyncMap in gTP /var/folders/2u/2uTdoPh7H5mH9Wh81HjlBFCbuR2/-Tmp-/npm-1326699225792/1326699225792-0.888885922729969/contents/___package.npm/package/src
silly asyncMap in gTP /var/folders/2u/2uTdoPh7H5mH9Wh81HjlBFCbuR2/-Tmp-/npm-1326699225792/1326699225792-0.888885922729969/contents/___package.npm/package/src/helpers.coffee
silly asyncMap in gTP /var/folders/2u/2uTdoPh7H5mH9Wh81HjlBFCbuR2/-Tmp-/npm-1326699225792/1326699225792-0.888885922729969/contents/___package.npm/package/src/index.coffee
silly asyncMap in gTP /var/folders/2u/2uTdoPh7H5mH9Wh81HjlBFCbuR2/-Tmp-/npm-1326699225792/1326699225792-0.888885922729969/contents/___package.npm/package/src/languages
silly asyncMap in gTP /var/folders/2u/2uTdoPh7H5mH9Wh81HjlBFCbuR2/-Tmp-/npm-1326699225792/1326699225792-0.888885922729969/contents/___package.npm/package/src/languages/base.coffee
silly asyncMap in gTP /var/folders/2u/2uTdoPh7H5mH9Wh81HjlBFCbuR2/-Tmp-/npm-1326699225792/1326699225792-0.888885922729969/contents/___package.npm/package/src/languages/coffeescript.coffee
silly asyncMap in gTP /var/folders/2u/2uTdoPh7H5mH9Wh81HjlBFCbuR2/-Tmp-/npm-1326699225792/1326699225792-0.888885922729969/contents/___package.npm/package/src/languages/css.coffee
silly asyncMap in gTP /var/folders/2u/2uTdoPh7H5mH9Wh81HjlBFCbuR2/-Tmp-/npm-1326699225792/1326699225792-0.888885922729969/contents/___package.npm/package/src/languages/eco.coffee
silly asyncMap in gTP /var/folders/2u/2uTdoPh7H5mH9Wh81HjlBFCbuR2/-Tmp-/npm-1326699225792/1326699225792-0.888885922729969/contents/___package.npm/package/src/languages/index.coffee
silly asyncMap in gTP /var/folders/2u/2uTdoPh7H5mH9Wh81HjlBFCbuR2/-Tmp-/npm-1326699225792/1326699225792-0.888885922729969/contents/___package.npm/package/src/languages/jade.coffee
silly asyncMap in gTP /var/folders/2u/2uTdoPh7H5mH9Wh81HjlBFCbuR2/-Tmp-/npm-1326699225792/1326699225792-0.888885922729969/contents/___package.npm/package/src/languages/javascript.coffee
silly asyncMap in gTP /var/folders/2u/2uTdoPh7H5mH9Wh81HjlBFCbuR2/-Tmp-/npm-1326699225792/1326699225792-0.888885922729969/contents/___package.npm/package/src/languages/less.coffee
silly asyncMap in gTP /var/folders/2u/2uTdoPh7H5mH9Wh81HjlBFCbuR2/-Tmp-/npm-1326699225792/1326699225792-0.888885922729969/contents/___package.npm/package/src/languages/roy.coffee
silly asyncMap in gTP /var/folders/2u/2uTdoPh7H5mH9Wh81HjlBFCbuR2/-Tmp-/npm-1326699225792/1326699225792-0.888885922729969/contents/___package.npm/package/src/languages/stylus.coffee
silly asyncMap in gTP /var/folders/2u/2uTdoPh7H5mH9Wh81HjlBFCbuR2/-Tmp-/npm-1326699225792/1326699225792-0.888885922729969/contents/___package.npm/package/src/plugins
silly asyncMap in gTP /var/folders/2u/2uTdoPh7H5mH9Wh81HjlBFCbuR2/-Tmp-/npm-1326699225792/1326699225792-0.888885922729969/contents/___package.npm/package/src/plugins/assets.coffee
silly asyncMap in gTP /var/folders/2u/2uTdoPh7H5mH9Wh81HjlBFCbuR2/-Tmp-/npm-1326699225792/1326699225792-0.888885922729969/contents/___package.npm/package/src/plugins/base.coffee
silly asyncMap in gTP /var/folders/2u/2uTdoPh7H5mH9Wh81HjlBFCbuR2/-Tmp-/npm-1326699225792/1326699225792-0.888885922729969/contents/___package.npm/package/src/plugins/index.coffee
verbose gunzed /var/folders/2u/2uTdoPh7H5mH9Wh81HjlBFCbuR2/-Tmp-/npm-1326699225792/1326699225792-0.888885922729969/contents/___package.npm/package
verbose rm'ed /var/folders/2u/2uTdoPh7H5mH9Wh81HjlBFCbuR2/-Tmp-/npm-1326699225792/1326699225792-0.888885922729969/contents/package
verbose renamed [ '/var/folders/2u/2uTdoPh7H5mH9Wh81HjlBFCbuR2/-Tmp-/npm-1326699225792/1326699225792-0.888885922729969/contents/___package.npm/package',
verbose renamed   '/var/folders/2u/2uTdoPh7H5mH9Wh81HjlBFCbuR2/-Tmp-/npm-1326699225792/1326699225792-0.888885922729969/contents/package' ]
silly testEngine { author: { name: 'brunch' },
silly testEngine   name: 'brunch-extensions',
silly testEngine   description: 'Official brunch extensions. Adds support of many languages to brunch.',
silly testEngine   version: '0.1.0',
silly testEngine   homepage: 'https://github.com/brunch/brunch-extensions',
silly testEngine   repository: 
silly testEngine    { type: 'git',
silly testEngine      url: 'git@github.com:brunch/brunch-extensions.git' },
silly testEngine   main: './lib/index',
silly testEngine   scripts: 
silly testEngine    { postinstall: './node_modules/coffee-script/bin/coffee -o lib/ src/',
silly testEngine      test: './node_modules/mocha/bin/mocha' },
silly testEngine   engines: { node: '~0.6.6' },
silly testEngine   dependencies: 
silly testEngine    { async: '0.1.15',
silly testEngine      mkdirp: '0.2.1',
silly testEngine      'coffee-script': '1.2.0',
silly testEngine      roy: '0.1.3',
silly testEngine      eco: '1.0.3',
silly testEngine      jade: '0.19.0',
silly testEngine      stylus: '0.21.2',
silly testEngine      less: '1.1.6' },
silly testEngine   devDependencies: { mocha: '0.3.6', 'expect.js': '0.1.1' },
silly testEngine   _id: 'brunch-extensions@0.1.0',
silly testEngine   _engineSupported: false,
silly testEngine   _npmVersion: '1.0.106',
silly testEngine   _nodeVersion: 'v0.6.1',
silly testEngine   _defaultsLoaded: true,
silly testEngine   path: '/var/folders/2u/2uTdoPh7H5mH9Wh81HjlBFCbuR2/-Tmp-/npm-1326699225792/1326699225792-0.888885922729969/contents/package' }
verbose caching /var/folders/2u/2uTdoPh7H5mH9Wh81HjlBFCbuR2/-Tmp-/npm-1326699225792/1326699225792-0.888885922729969/contents/package/package.json
verbose loadDefaults brunch-extensions@0.1.0
verbose tarball contents [ 'package' ]
verbose from cache /var/folders/2u/2uTdoPh7H5mH9Wh81HjlBFCbuR2/-Tmp-/npm-1326699225792/1326699225792-0.888885922729969/contents/package/package.json
verbose pack /var/folders/2u/2uTdoPh7H5mH9Wh81HjlBFCbuR2/-Tmp-/npm-1326699225792/1326699225792-0.888885922729969/contents/package /Users/rloffelm/.npm/brunch-extensions/0.1.0/package.tgz
silly makeList /var/folders/2u/2uTdoPh7H5mH9Wh81HjlBFCbuR2/-Tmp-/npm-1326699225792/1326699225792-0.888885922729969/contents/package
verbose mkdir'ed /Users/rloffelm/.npm/brunch-extensions/0.1.0
verbose tar about to write tar and gzip it.
silly tar args [ '-czvf', '-', '-T', '-' ]
silly spawning [ 'tar',
silly spawning   [ '-czvf', '-', '-T', '-' ],
silly spawning   '/var/folders/2u/2uTdoPh7H5mH9Wh81HjlBFCbuR2/-Tmp-/npm-1326699225792/1326699225792-0.888885922729969/contents' ]
verbose mkdir (expected) error ENOENT, no such file or directory '/Users/rloffelm/.npm/brunch-extensions/0.1.0/___package.npm'
verbose mkdir done: /Users/rloffelm/.npm/brunch-extensions/0.1.0/___package.npm 755
verbose unpack_ uid, gid [ undefined, undefined ]
verbose unpackTarget /Users/rloffelm/.npm/brunch-extensions/0.1.0/package
silly gunzTarPerm modes [ '755', '644' ]
silly spawning [ 'tar',
silly spawning   [ '-zmvxpf',
silly spawning     '/Users/rloffelm/.npm/brunch-extensions/0.1.0/package.tgz' ],
silly spawning   '/Users/rloffelm/.npm/brunch-extensions/0.1.0/___package.npm' ]
silly tar err x package/package.json
silly tar err x package/README.md
silly tar err x package/src/helpers.coffee
silly tar err x package/src/index.coffee
silly tar err x package/src/languages/base.coffee
silly tar err x package/src/languages/coffeescript.coffee
silly tar err x package/src/languages/css.coffee
silly tar err x package/src/languages/eco.coffee
silly tar err x package/src/languages/index.coffee
silly tar err x package/src/languages/jade.coffee
silly tar err x package/src/languages/javascript.coffee
silly tar err x package/src/languages/roy.coffee
silly tar err x package/src/languages/less.coffee
silly tar err x package/src/languages/stylus.coffee
silly tar err x package/src/plugins/assets.coffee
silly tar err x package/src/plugins/base.coffee
silly tar err x package/src/plugins/index.coffee
silly tar exit 0
silly asyncMap in gTP /Users/rloffelm/.npm/brunch-extensions/0.1.0/___package.npm/package
silly asyncMap in gTP /Users/rloffelm/.npm/brunch-extensions/0.1.0/___package.npm/package/package.json
silly asyncMap in gTP /Users/rloffelm/.npm/brunch-extensions/0.1.0/___package.npm/package/README.md
silly asyncMap in gTP /Users/rloffelm/.npm/brunch-extensions/0.1.0/___package.npm/package/src
silly asyncMap in gTP /Users/rloffelm/.npm/brunch-extensions/0.1.0/___package.npm/package/src/helpers.coffee
silly asyncMap in gTP /Users/rloffelm/.npm/brunch-extensions/0.1.0/___package.npm/package/src/index.coffee
silly asyncMap in gTP /Users/rloffelm/.npm/brunch-extensions/0.1.0/___package.npm/package/src/languages
silly asyncMap in gTP /Users/rloffelm/.npm/brunch-extensions/0.1.0/___package.npm/package/src/languages/base.coffee
silly asyncMap in gTP /Users/rloffelm/.npm/brunch-extensions/0.1.0/___package.npm/package/src/languages/coffeescript.coffee
silly asyncMap in gTP /Users/rloffelm/.npm/brunch-extensions/0.1.0/___package.npm/package/src/languages/css.coffee
silly asyncMap in gTP /Users/rloffelm/.npm/brunch-extensions/0.1.0/___package.npm/package/src/languages/eco.coffee
silly asyncMap in gTP /Users/rloffelm/.npm/brunch-extensions/0.1.0/___package.npm/package/src/languages/index.coffee
silly asyncMap in gTP /Users/rloffelm/.npm/brunch-extensions/0.1.0/___package.npm/package/src/languages/jade.coffee
silly asyncMap in gTP /Users/rloffelm/.npm/brunch-extensions/0.1.0/___package.npm/package/src/languages/javascript.coffee
silly asyncMap in gTP /Users/rloffelm/.npm/brunch-extensions/0.1.0/___package.npm/package/src/languages/less.coffee
silly asyncMap in gTP /Users/rloffelm/.npm/brunch-extensions/0.1.0/___package.npm/package/src/languages/roy.coffee
silly asyncMap in gTP /Users/rloffelm/.npm/brunch-extensions/0.1.0/___package.npm/package/src/languages/stylus.coffee
silly asyncMap in gTP /Users/rloffelm/.npm/brunch-extensions/0.1.0/___package.npm/package/src/plugins
silly asyncMap in gTP /Users/rloffelm/.npm/brunch-extensions/0.1.0/___package.npm/package/src/plugins/assets.coffee
silly asyncMap in gTP /Users/rloffelm/.npm/brunch-extensions/0.1.0/___package.npm/package/src/plugins/base.coffee
silly asyncMap in gTP /Users/rloffelm/.npm/brunch-extensions/0.1.0/___package.npm/package/src/plugins/index.coffee
verbose gunzed /Users/rloffelm/.npm/brunch-extensions/0.1.0/___package.npm/package
verbose rm'ed /Users/rloffelm/.npm/brunch-extensions/0.1.0/package
verbose renamed [ '/Users/rloffelm/.npm/brunch-extensions/0.1.0/___package.npm/package',
verbose renamed   '/Users/rloffelm/.npm/brunch-extensions/0.1.0/package' ]
silly testEngine { author: { name: 'brunch' },
silly testEngine   name: 'brunch-extensions',
silly testEngine   description: 'Official brunch extensions. Adds support of many languages to brunch.',
silly testEngine   version: '0.1.0',
silly testEngine   homepage: 'https://github.com/brunch/brunch-extensions',
silly testEngine   repository: 
silly testEngine    { type: 'git',
silly testEngine      url: 'git@github.com:brunch/brunch-extensions.git' },
silly testEngine   main: './lib/index',
silly testEngine   scripts: 
silly testEngine    { postinstall: './node_modules/coffee-script/bin/coffee -o lib/ src/',
silly testEngine      test: './node_modules/mocha/bin/mocha' },
silly testEngine   engines: { node: '~0.6.6' },
silly testEngine   dependencies: 
silly testEngine    { async: '0.1.15',
silly testEngine      mkdirp: '0.2.1',
silly testEngine      'coffee-script': '1.2.0',
silly testEngine      roy: '0.1.3',
silly testEngine      eco: '1.0.3',
silly testEngine      jade: '0.19.0',
silly testEngine      stylus: '0.21.2',
silly testEngine      less: '1.1.6' },
silly testEngine   devDependencies: { mocha: '0.3.6', 'expect.js': '0.1.1' },
silly testEngine   _id: 'brunch-extensions@0.1.0',
silly testEngine   _engineSupported: false,
silly testEngine   _npmVersion: '1.0.106',
silly testEngine   _nodeVersion: 'v0.6.1',
silly testEngine   _defaultsLoaded: true,
silly testEngine   dist: { shasum: '84dde2ed4bcc81ec0cc0547a033ef0030053d104' } }
verbose caching /Users/rloffelm/.npm/brunch-extensions/0.1.0/package/package.json
verbose loadDefaults brunch-extensions@0.1.0
silly updated sha bytes 10240
info shasum 84dde2ed4bcc81ec0cc0547a033ef0030053d104
info shasum /Users/rloffelm/.npm/brunch-extensions/0.1.0/package.tgz
verbose from cache /Users/rloffelm/.npm/brunch-extensions/0.1.0/package/package.json
verbose chmod /Users/rloffelm/.npm/brunch-extensions/0.1.0/package.tgz 644
verbose chown [ '/Users/rloffelm/.npm/brunch-extensions/0.1.0/package.tgz',
verbose chown   329771473,
verbose chown   1102913098 ]
silly resolved [ { author: { name: 'brunch' },
silly resolved     name: 'brunch-extensions',
silly resolved     description: 'Official brunch extensions. Adds support of many languages to brunch.',
silly resolved     version: '0.1.0',
silly resolved     homepage: 'https://github.com/brunch/brunch-extensions',
silly resolved     repository: 
silly resolved      { type: 'git',
silly resolved        url: 'git@github.com:brunch/brunch-extensions.git' },
silly resolved     main: './lib/index',
silly resolved     scripts: 
silly resolved      { postinstall: './node_modules/coffee-script/bin/coffee -o lib/ src/',
silly resolved        test: './node_modules/mocha/bin/mocha' },
silly resolved     engines: { node: '~0.6.6' },
silly resolved     dependencies: 
silly resolved      { async: '0.1.15',
silly resolved        mkdirp: '0.2.1',
silly resolved        'coffee-script': '1.2.0',
silly resolved        roy: '0.1.3',
silly resolved        eco: '1.0.3',
silly resolved        jade: '0.19.0',
silly resolved        stylus: '0.21.2',
silly resolved        less: '1.1.6' },
silly resolved     devDependencies: { mocha: '0.3.6', 'expect.js': '0.1.1' },
silly resolved     _id: 'brunch-extensions@0.1.0',
silly resolved     _engineSupported: false,
silly resolved     _npmVersion: '1.0.106',
silly resolved     _nodeVersion: 'v0.6.1',
silly resolved     _defaultsLoaded: true,
silly resolved     dist: { shasum: '84dde2ed4bcc81ec0cc0547a033ef0030053d104' } } ]
info into /Users/rloffelm/Personal/databases/Servers/NodeNginxMongo/Files/home/ubuntu/www/todo brunch-extensions@0.1.0
info installOne brunch-extensions@0.1.0
verbose installOne cb brunch-extensions@0.1.0
ERR! Unsupported
ERR! Not compatible with your version of node/npm: brunch-extensions@0.1.0
ERR! Required: {"node":"~0.6.6"}
ERR! Actual:   {"npm":"1.0.106","node":"0.6.1"}
ERR! 
ERR! System Darwin 10.8.0
ERR! command "node" "/usr/local/bin/npm" "install" "brunch-extensions"
ERR! cwd /Users/rloffelm/Personal/databases/Servers/NodeNginxMongo/Files/home/ubuntu/www/todo
ERR! node -v v0.6.1
ERR! npm -v 1.0.106
ERR! code ENOTSUP
verbose exit [ 1, true ]
