2011-03-21 06:00:53 Error: false
2011-03-21 06:01:02 Error: {"Boot":{"id":"7141832","name":"Chippewa 17\" Engineer Boot","sku":null,"height":"17 inches","lining":"Leather","colors":null,"price":"187.00","features":"<abbr>Oil-tanned<\/abbr> or polishable <abbr>full-grain<\/abbr> leather uppers. <abbr>Vibram<\/abbr> sole. <abbr>Goodyear welt<\/abbr>. Padded insole. Steel safety toe."}}
2011-03-21 06:05:44 Error: false
2011-03-21 06:05:49 Error: {"Boot":{"id":"7177382","name":"Caterpillar Tradesman Work Boot","sku":null,"height":"6 inches","lining":"Leather","colors":null,"price":"87.00","features":"<abbr>Full-grain<\/abbr> <abbr>oil-tanned<\/abbr> leather. Nylon mesh lining. Ortholite sock liner. EVA midsole. T84V Rubberlon outsole."}}
2011-03-21 06:06:46 Error: false
2011-03-21 06:06:51 Error: {"Boot":{"id":"7177382","name":"Caterpillar Tradesman Work Boot","sku":null,"height":"6 inches","lining":"Leather","colors":null,"price":"87.00","features":"<abbr>Full-grain<\/abbr> <abbr>oil-tanned<\/abbr> leather. Nylon mesh lining. Ortholite sock liner. EVA midsole. T84V Rubberlon outsole."}}
2011-03-21 06:07:52 Error: false
2011-03-21 06:08:26 Error: false
2011-03-21 06:09:09 Error: false
2011-03-21 06:09:50 Error: {"Boot":{"id":"7141832","name":"Chippewa 17\" Engineer Boot","sku":null,"height":"17 inches","lining":"Leather","colors":null,"price":"187.00","features":"<abbr>Oil-tanned<\/abbr> or polishable <abbr>full-grain<\/abbr> leather uppers. <abbr>Vibram<\/abbr> sole. <abbr>Goodyear welt<\/abbr>. Padded insole. Steel safety toe."}}
2011-03-21 06:11:04 Error: 
2011-03-21 06:11:08 Error: Array
(
    [Boot] => Array
        (
            [id] => 7141833
            [name] => Chippewa 17" Snakeproof Boot
            [sku] => 
            [height] => 17 inches
            [lining] => Leather
            [colors] => 
            [price] => 147.00
            [features] => <abbr>Full-grain</abbr> leather foot. 1000 Denier <abbr>Cordura</abbr> Viper cloth shaft. <abbr>Goodyear welt</abbr>. Leather Lining. Body Cushion Insole. <abbr>Vibram</abbr> Robinson Outsole.
        )

)

2011-03-21 06:13:50 Error: 
2011-03-21 06:13:54 Error: Array
(
    [Boot] => Array
        (
            [id] => 7269643
            [name] => Caterpillar Logger Boot
            [sku] => 
            [height] => 8 inches
            [lining] => <abbr>Cambrelle
            [colors] => 
            [price] => 157.00
            [features] => <abbr>Full-grain</abbr> leather. <abbr>Cambrelle</abbr>&reg; lining. Steel safety toe. Electrical hazard protection. Poliyou&reg; cushion insole. Rubber lug outsole.
        )

)

2011-03-21 06:18:06 Error: 
2011-03-21 06:18:40 Error: 
2011-03-21 06:18:44 Error: Array
(
    [Boot] => Array
        (
            [id] => 7141832
            [name] => Chippewa 17" Engineer Boot
            [sku] => 
            [height] => 17 inches
            [lining] => Leather
            [colors] => 
            [price] => 187.00
            [features] => <abbr>Oil-tanned</abbr> or polishable <abbr>full-grain</abbr> leather uppers. <abbr>Vibram</abbr> sole. <abbr>Goodyear welt</abbr>. Padded insole. Steel safety toe.
        )

)

2011-03-21 06:21:12 Error: 
2011-03-21 06:21:17 Error: Array
(
    [Boot] => Array
        (
            [id] => 7141832
            [name] => Chippewa 17" Engineer Boot
            [sku] => 7141832
            [height] => 17 inches
            [lining] => Leather
            [colors] => 
            [price] => 187.00
            [features] => <abbr>Oil-tanned</abbr> or polishable <abbr>full-grain</abbr> leather uppers. <abbr>Vibram</abbr> sole. <abbr>Goodyear welt</abbr>. Padded insole. Steel safety toe.
        )

)

2011-03-21 06:21:29 Error: Array
(
    [Boot] => Array
        (
            [id] => 7177382
            [name] => Caterpillar Tradesman Work Boot
            [sku] => 7177382
            [height] => 6 inches
            [lining] => Leather
            [colors] => 
            [price] => 87.00
            [features] => <abbr>Full-grain</abbr> <abbr>oil-tanned</abbr> leather. Nylon mesh lining. Ortholite sock liner. EVA midsole. T84V Rubberlon outsole.
        )

)

2011-03-21 06:22:12 Error: 
2011-03-21 06:23:36 Error: Array
(
    [Boot] => Array
        (
            [id] => 7269643
            [name] => Caterpillar Logger Boot
            [sku] => 7269643
            [height] => 8 inches
            [lining] => <abbr>Cambrelle
            [colors] => 
            [price] => 157.00
            [features] => <abbr>Full-grain</abbr> leather. <abbr>Cambrelle</abbr>&reg; lining. Steel safety toe. Electrical hazard protection. Poliyou&reg; cushion insole. Rubber lug outsole.
        )

)

2011-03-21 06:24:26 Error: 
2011-03-21 06:24:36 Error: Array
(
    [Boot] => Array
        (
            [id] => 7177382
            [name] => Caterpillar Tradesman Work Boot
            [sku] => 7177382
            [height] => 6 inches
            [lining] => Leather
            [colors] => 
            [price] => 87.00
            [features] => <abbr>Full-grain</abbr> <abbr>oil-tanned</abbr> leather. Nylon mesh lining. Ortholite sock liner. EVA midsole. T84V Rubberlon outsole.
        )

)

2011-03-21 06:24:47 Error: Array
(
    [Boot] => Array
        (
            [id] => 7269643
            [name] => Caterpillar Logger Boot
            [sku] => 7269643
            [height] => 8 inches
            [lining] => <abbr>Cambrelle
            [colors] => 
            [price] => 157.00
            [features] => <abbr>Full-grain</abbr> leather. <abbr>Cambrelle</abbr>&reg; lining. Steel safety toe. Electrical hazard protection. Poliyou&reg; cushion insole. Rubber lug outsole.
        )

)

2011-03-21 06:24:52 Error: Array
(
    [Boot] => Array
        (
            [id] => 7141832
            [name] => Chippewa 17" Engineer Boot
            [sku] => 7141832
            [height] => 17 inches
            [lining] => Leather
            [colors] => 
            [price] => 187.00
            [features] => <abbr>Oil-tanned</abbr> or polishable <abbr>full-grain</abbr> leather uppers. <abbr>Vibram</abbr> sole. <abbr>Goodyear welt</abbr>. Padded insole. Steel safety toe.
        )

)

2011-03-21 06:24:56 Error: Array
(
    [Boot] => Array
        (
            [id] => 7141833
            [name] => Chippewa 17" Snakeproof Boot
            [sku] => 7141833
            [height] => 17 inches
            [lining] => Leather
            [colors] => 
            [price] => 147.00
            [features] => <abbr>Full-grain</abbr> leather foot. 1000 Denier <abbr>Cordura</abbr> Viper cloth shaft. <abbr>Goodyear welt</abbr>. Leather Lining. Body Cushion Insole. <abbr>Vibram</abbr> Robinson Outsole.
        )

)

2011-03-21 06:25:02 Error: Array
(
    [Boot] => Array
        (
            [id] => 7141922
            [name] => Chippewa Harness Boot
            [sku] => 7141922
            [height] => 13 inches
            [lining] => Leather
            [colors] => 
            [price] => 187.00
            [features] => <abbr>Full-grain</abbr> leather uppers. Leather lining. <abbr>Vibram</abbr> sole. <abbr>Goodyear welt</abbr>.
        )

)

2011-03-21 06:25:07 Error: Array
(
    [Boot] => Array
        (
            [id] => 7141730
            [name] => Danner Foreman Pro Work Boot
            [sku] => 7141730
            [height] => 10 inches
            [lining] => Leather
            [colors] => 
            [price] => 287.00
            [features] => Alkali-resistant <abbr>full-grain</abbr> leather. <abbr>Cambrelle</abbr> nylon lining. Fiberglass shank. <abbr>Vibram</abbr> 4014 Cristy sole. <abbr>Stitch-down</abbr> construction.
        )

)

2011-03-21 06:26:21 Error: Array
(
    [Boot] => Array
        (
            [id] => 7141832
            [name] => Chippewa 17" Engineer Boot
            [sku] => 7141832
            [height] => 17 inches
            [lining] => Leather
            [colors] => 
            [price] => 187.00
            [features] => <abbr>Oil-tanned</abbr> or polishable <abbr>full-grain</abbr> leather uppers. <abbr>Vibram</abbr> sole. <abbr>Goodyear welt</abbr>. Padded insole. Steel safety toe.
        )

)

2011-03-21 06:26:27 Error: Array
(
    [Boot] => Array
        (
            [id] => 7141922
            [name] => Chippewa Harness Boot
            [sku] => 7141922
            [height] => 13 inches
            [lining] => Leather
            [colors] => 
            [price] => 187.00
            [features] => <abbr>Full-grain</abbr> leather uppers. Leather lining. <abbr>Vibram</abbr> sole. <abbr>Goodyear welt</abbr>.
        )

)

2011-03-21 06:27:46 Error: 
2011-03-21 06:27:55 Error: Array
(
    [Boot] => Array
        (
            [id] => 7173656
            [name] => Chippewa 11" Engineer Boot
            [sku] => 7173656
            [height] => 11 inches
            [lining] => None
            [colors] => 
            [price] => 167.00
            [features] => <abbr>Oil-tanned</abbr> <abbr>full-grain</abbr> leather uppers. <abbr>Vibram</abbr> sole. <abbr>Goodyear welt</abbr>. Padded insole. Steel safety toe. Texon&reg; insole.
        )

)

2011-03-21 06:28:07 Error: Array
(
    [Boot] => Array
        (
            [id] => 7269643
            [name] => Caterpillar Logger Boot
            [sku] => 7269643
            [height] => 8 inches
            [lining] => <abbr>Cambrelle
            [colors] => 
            [price] => 157.00
            [features] => <abbr>Full-grain</abbr> leather. <abbr>Cambrelle</abbr>&reg; lining. Steel safety toe. Electrical hazard protection. Poliyou&reg; cushion insole. Rubber lug outsole.
        )

)

2011-03-21 06:28:48 Error: Array
(
    [Boot] => Array
        (
            [id] => 7141922
            [name] => Chippewa Harness Boot
            [sku] => 7141922
            [height] => 13 inches
            [lining] => Leather
            [colors] => 
            [price] => 187.00
            [features] => <abbr>Full-grain</abbr> leather uppers. Leather lining. <abbr>Vibram</abbr> sole. <abbr>Goodyear welt</abbr>.
        )

)

2011-03-21 06:28:54 Error: Array
(
    [Boot] => Array
        (
            [id] => 7257914
            [name] => Danner Grouse GTX Boot
            [sku] => 7257914
            [height] => 8 inches
            [lining] => <abbr>Gore-Tex<
            [colors] => 
            [price] => 207.00
            [features] => <abbr>Full-grain</abbr> leather foot. 1000 Denier <abbr>Cordura</abbr> Viper cloth shaft. <abbr>Gore-Tex</abbr> lining. Stich-down construction.
        )

)

2011-03-21 06:28:58 Error: Array
(
    [Boot] => Array
        (
            [id] => 7141922
            [name] => Chippewa Harness Boot
            [sku] => 7141922
            [height] => 13 inches
            [lining] => Leather
            [colors] => 
            [price] => 187.00
            [features] => <abbr>Full-grain</abbr> leather uppers. Leather lining. <abbr>Vibram</abbr> sole. <abbr>Goodyear welt</abbr>.
        )

)

2011-03-21 06:31:20 Error: Array
(
    [Boot] => Array
        (
            [id] => 7141922
            [name] => Chippewa Harness Boot
            [sku] => 7141922
            [height] => 13 inches
            [lining] => Leather
            [colors] => 
            [price] => 187.00
            [features] => <abbr>Full-grain</abbr> leather uppers. Leather lining. <abbr>Vibram</abbr> sole. <abbr>Goodyear welt</abbr>.
        )

)

2011-03-21 06:39:45 Error: 
2011-03-23 03:45:17 Error: 
2011-03-23 03:48:00 Error: 
2011-03-23 03:48:09 Error: Array
(
    [Boot] => Array
        (
            [id] => 7173656
            [name] => Chippewa 11" Engineer Boot
            [sku] => 7173656
            [height] => 11 inches
            [lining] => None
            [colors] => 
            [price] => 167.00
            [features] => <abbr>Oil-tanned</abbr> <abbr>full-grain</abbr> leather uppers. <abbr>Vibram</abbr> sole. <abbr>Goodyear welt</abbr>. Padded insole. Steel safety toe. Texon&reg; insole.
        )

)

2011-03-23 03:48:54 Error: 
2011-03-23 03:48:58 Error: Array
(
    [Boot] => Array
        (
            [id] => 7269643
            [name] => Caterpillar Logger Boot
            [sku] => 7269643
            [height] => 8 inches
            [lining] => <abbr>Cambrelle
            [colors] => 
            [price] => 157.00
            [features] => <abbr>Full-grain</abbr> leather. <abbr>Cambrelle</abbr>&reg; lining. Steel safety toe. Electrical hazard protection. Poliyou&reg; cushion insole. Rubber lug outsole.
        )

)

2011-03-23 03:55:05 Error: 
2011-03-23 03:55:11 Error: Array
(
    [Boot] => Array
        (
            [id] => 7269643
            [name] => Caterpillar Logger Boot
            [sku] => 7269643
            [height] => 8 inches
            [lining] => <abbr>Cambrelle
            [colors] => 
            [price] => 157.00
            [features] => <abbr>Full-grain</abbr> leather. <abbr>Cambrelle</abbr>&reg; lining. Steel safety toe. Electrical hazard protection. Poliyou&reg; cushion insole. Rubber lug outsole.
        )

)

2011-03-23 03:58:12 Error: 
2011-03-23 03:58:16 Error: Array
(
    [Boot] => Array
        (
            [id] => 7141832
            [name] => Chippewa 17" Engineer Boot
            [sku] => 7141832
            [height] => 17 inches
            [lining] => Leather
            [colors] => 
            [price] => 187.00
            [features] => <abbr>Oil-tanned</abbr> or polishable <abbr>full-grain</abbr> leather uppers. <abbr>Vibram</abbr> sole. <abbr>Goodyear welt</abbr>. Padded insole. Steel safety toe.
        )

)

2011-03-23 03:58:33 Error: Array
(
    [Boot] => Array
        (
            [id] => 7177382
            [name] => Caterpillar Tradesman Work Boot
            [sku] => 7177382
            [height] => 6 inches
            [lining] => Leather
            [colors] => 
            [price] => 87.00
            [features] => <abbr>Full-grain</abbr> <abbr>oil-tanned</abbr> leather. Nylon mesh lining. Ortholite sock liner. EVA midsole. T84V Rubberlon outsole.
        )

)

2011-03-23 04:00:39 Error: 
2011-03-23 04:00:52 Error: Array
(
    [Boot] => Array
        (
            [id] => 7177382
            [name] => Caterpillar Tradesman Work Boot
            [sku] => 7177382
            [height] => 6 inches
            [lining] => Leather
            [colors] => 
            [price] => 87.00
            [features] => <abbr>Full-grain</abbr> <abbr>oil-tanned</abbr> leather. Nylon mesh lining. Ortholite sock liner. EVA midsole. T84V Rubberlon outsole.
        )

)

2011-03-23 04:02:03 Error: 
2011-03-23 04:02:07 Error: Array
(
    [Boot] => Array
        (
            [id] => 7141832
            [name] => Chippewa 17" Engineer Boot
            [sku] => 7141832
            [height] => 17 inches
            [lining] => Leather
            [colors] => 
            [price] => 187.00
            [features] => <abbr>Oil-tanned</abbr> or polishable <abbr>full-grain</abbr> leather uppers. <abbr>Vibram</abbr> sole. <abbr>Goodyear welt</abbr>. Padded insole. Steel safety toe.
        )

)

2011-03-23 04:04:28 Error: 
2011-03-23 04:04:32 Error: Array
(
    [Boot] => Array
        (
            [id] => 7177382
            [name] => Caterpillar Tradesman Work Boot
            [sku] => 7177382
            [height] => 6 inches
            [lining] => Leather
            [colors] => 
            [price] => 87.00
            [features] => <abbr>Full-grain</abbr> <abbr>oil-tanned</abbr> leather. Nylon mesh lining. Ortholite sock liner. EVA midsole. T84V Rubberlon outsole.
        )

)

2011-03-23 04:05:44 Error: 
2011-03-23 04:05:49 Error: Array
(
    [Boot] => Array
        (
            [id] => 7177382
            [name] => Caterpillar Tradesman Work Boot
            [sku] => 7177382
            [height] => 6 inches
            [lining] => Leather
            [colors] => 
            [price] => 87.00
            [features] => <abbr>Full-grain</abbr> <abbr>oil-tanned</abbr> leather. Nylon mesh lining. Ortholite sock liner. EVA midsole. T84V Rubberlon outsole.
        )

)

2011-03-23 04:05:53 Error: Array
(
    [Boot] => Array
        (
            [id] => 7269643
            [name] => Caterpillar Logger Boot
            [sku] => 7269643
            [height] => 8 inches
            [lining] => <abbr>Cambrelle
            [colors] => 
            [price] => 157.00
            [features] => <abbr>Full-grain</abbr> leather. <abbr>Cambrelle</abbr>&reg; lining. Steel safety toe. Electrical hazard protection. Poliyou&reg; cushion insole. Rubber lug outsole.
        )

)

2011-03-23 04:05:58 Error: Array
(
    [Boot] => Array
        (
            [id] => 7141833
            [name] => Chippewa 17" Snakeproof Boot
            [sku] => 7141833
            [height] => 17 inches
            [lining] => Leather
            [colors] => 
            [price] => 147.00
            [features] => <abbr>Full-grain</abbr> leather foot. 1000 Denier <abbr>Cordura</abbr> Viper cloth shaft. <abbr>Goodyear welt</abbr>. Leather Lining. Body Cushion Insole. <abbr>Vibram</abbr> Robinson Outsole.
        )

)

2011-03-23 04:06:03 Error: Array
(
    [Boot] => Array
        (
            [id] => 7141922
            [name] => Chippewa Harness Boot
            [sku] => 7141922
            [height] => 13 inches
            [lining] => Leather
            [colors] => 
            [price] => 187.00
            [features] => <abbr>Full-grain</abbr> leather uppers. Leather lining. <abbr>Vibram</abbr> sole. <abbr>Goodyear welt</abbr>.
        )

)

2011-03-23 04:06:08 Error: Array
(
    [Boot] => Array
        (
            [id] => 7141730
            [name] => Danner Foreman Pro Work Boot
            [sku] => 7141730
            [height] => 10 inches
            [lining] => Leather
            [colors] => 
            [price] => 287.00
            [features] => Alkali-resistant <abbr>full-grain</abbr> leather. <abbr>Cambrelle</abbr> nylon lining. Fiberglass shank. <abbr>Vibram</abbr> 4014 Cristy sole. <abbr>Stitch-down</abbr> construction.
        )

)

2011-03-23 04:06:12 Error: 
2011-03-23 04:06:16 Error: Array
(
    [Boot] => Array
        (
            [id] => 7269643
            [name] => Caterpillar Logger Boot
            [sku] => 7269643
            [height] => 8 inches
            [lining] => <abbr>Cambrelle
            [colors] => 
            [price] => 157.00
            [features] => <abbr>Full-grain</abbr> leather. <abbr>Cambrelle</abbr>&reg; lining. Steel safety toe. Electrical hazard protection. Poliyou&reg; cushion insole. Rubber lug outsole.
        )

)

2011-03-23 04:09:51 Error: 
2011-03-23 04:09:56 Error: Array
(
    [Boot] => Array
        (
            [id] => 7269643
            [name] => Caterpillar Logger Boot
            [sku] => 7269643
            [height] => 8 inches
            [lining] => <abbr>Cambrelle
            [colors] => 
            [price] => 157.00
            [features] => <abbr>Full-grain</abbr> leather. <abbr>Cambrelle</abbr>&reg; lining. Steel safety toe. Electrical hazard protection. Poliyou&reg; cushion insole. Rubber lug outsole.
        )

)

2011-03-23 04:11:31 Error: 
2011-03-23 04:11:35 Error: Array
(
    [Boot] => Array
        (
            [id] => 7141832
            [name] => Chippewa 17" Engineer Boot
            [sku] => 7141832
            [height] => 17 inches
            [lining] => Leather
            [colors] => 
            [price] => 187.00
            [features] => <abbr>Oil-tanned</abbr> or polishable <abbr>full-grain</abbr> leather uppers. <abbr>Vibram</abbr> sole. <abbr>Goodyear welt</abbr>. Padded insole. Steel safety toe.
        )

)

2011-03-23 04:11:40 Error: Array
(
    [Boot] => Array
        (
            [id] => 7177382
            [name] => Caterpillar Tradesman Work Boot
            [sku] => 7177382
            [height] => 6 inches
            [lining] => Leather
            [colors] => 
            [price] => 87.00
            [features] => <abbr>Full-grain</abbr> <abbr>oil-tanned</abbr> leather. Nylon mesh lining. Ortholite sock liner. EVA midsole. T84V Rubberlon outsole.
        )

)

2011-03-28 04:19:53 Error: 
2011-03-28 06:02:14 Error: 
2011-04-01 06:13:39 Error: 
2011-04-01 06:16:37 Error: 
