2011-03-23 11:04:49 Error: 
2011-03-23 11:04:53 Error: Array
(
    [Boot] => Array
        (
            [id] => 7141832
            [name] => Chippewa 17" Engineer Boot
            [sku] => 7141832
            [height] => 17 inches
            [lining] => Leather
            [colors] => 
            [price] => 187.00
            [features] => <abbr>Oil-tanned</abbr> or polishable <abbr>full-grain</abbr> leather uppers. <abbr>Vibram</abbr> sole. <abbr>Goodyear welt</abbr>. Padded insole. Steel safety toe.
        )

)

2011-03-23 11:04:58 Error: Array
(
    [Boot] => Array
        (
            [id] => 7177382
            [name] => Caterpillar Tradesman Work Boot
            [sku] => 7177382
            [height] => 6 inches
            [lining] => Leather
            [colors] => 
            [price] => 87.00
            [features] => <abbr>Full-grain</abbr> <abbr>oil-tanned</abbr> leather. Nylon mesh lining. Ortholite sock liner. EVA midsole. T84V Rubberlon outsole.
        )

)

